<?xml version="1.0" encoding="UTF-8"?>
<testng-results ignored="0" total="1" passed="1" failed="0" skipped="0">
  <reporter-output>
  </reporter-output>
  <suite started-at="2025-02-12T21:59:29 IST" name="Suite" finished-at="2025-02-12T21:59:50 IST" duration-ms="20675">
    <groups>
    </groups>
    <test started-at="2025-02-12T21:59:29 IST" name="Test" finished-at="2025-02-12T21:59:50 IST" duration-ms="20675">
      <class name="testCases.TC001_AccountRegistration">
        <test-method is-config="true" signature="setup(java.lang.String,java.lang.String)[pri:0, instance:testCases.TC001_AccountRegistration@4b20ca2b]" started-at="2025-02-12T21:59:30 IST" name="setup" finished-at="2025-02-12T21:59:44 IST" duration-ms="14946" status="PASS">
          <params>
            <param index="0">
              <value>
                <![CDATA[Windows]]>
              </value>
            </param>
            <param index="1">
              <value>
                <![CDATA[chrome]]>
              </value>
            </param>
          </params>
          <reporter-output>
          </reporter-output>
        </test-method> <!-- setup -->
        <test-method signature="verifyAccountRegistration()[pri:0, instance:testCases.TC001_AccountRegistration@4b20ca2b]" started-at="2025-02-12T21:59:45 IST" name="verifyAccountRegistration" finished-at="2025-02-12T21:59:49 IST" duration-ms="4730" status="PASS">
          <reporter-output>
          </reporter-output>
        </test-method> <!-- verifyAccountRegistration -->
        <test-method is-config="true" signature="tearDown()[pri:0, instance:testCases.TC001_AccountRegistration@4b20ca2b]" started-at="2025-02-12T21:59:49 IST" name="tearDown" finished-at="2025-02-12T21:59:50 IST" duration-ms="399" status="PASS">
          <reporter-output>
          </reporter-output>
        </test-method> <!-- tearDown -->
      </class> <!-- testCases.TC001_AccountRegistration -->
    </test> <!-- Test -->
  </suite> <!-- Suite -->
</testng-results>
